<?xml version="1.0" encoding="UTF-8"?>
<testsuite name="AccountServiceTest" tests="1" skipped="0" failures="0" errors="0" timestamp="2022-04-23T16:14:45" hostname="DESKTOP-CEAI4B2" time="25.658">
  <properties/>
  <testcase name="start" classname="AccountServiceTest" time="25.658"/>
  <system-out><![CDATA[?[1;31m
Start test 1?[0m

  .   ____          _            __ _ _
 /\\ / ___'_ __ _ _(_)_ __  __ _ \ \ \ \
( ( )\___ | '_ | '_| | '_ \/ _` | \ \ \ \
 \\/  ___)| |_)| | | | | || (_| |  ) ) ) )
  '  |____| .__|_| |_|_| |_\__, | / / / /
 =========|_|==============|___/=/_/_/_/
 :: Spring Boot ::        (v2.3.1.RELEASE)

2022-04-24 00:14:47.773  INFO 14316 --- [    Test worker] account.AccountServiceApplication        : Starting AccountServiceApplication on DESKTOP-CEAI4B2 with PID 14316 (started by Ray in D:\Spring Boot\accountService\Account Service\task)
2022-04-24 00:14:47.808  INFO 14316 --- [    Test worker] account.AccountServiceApplication        : No active profile set, falling back to default profiles: default
2022-04-24 00:14:51.326  INFO 14316 --- [    Test worker] .s.d.r.c.RepositoryConfigurationDelegate : Bootstrapping Spring Data JPA repositories in DEFERRED mode.
2022-04-24 00:14:51.533  INFO 14316 --- [    Test worker] .s.d.r.c.RepositoryConfigurationDelegate : Finished Spring Data repository scanning in 186ms. Found 4 JPA repository interfaces.
2022-04-24 00:14:53.432  INFO 14316 --- [    Test worker] o.s.b.w.embedded.tomcat.TomcatWebServer  : Tomcat initialized with port(s): 28852 (https)
2022-04-24 00:14:53.595  INFO 14316 --- [    Test worker] o.apache.catalina.core.StandardService   : Starting service [Tomcat]
2022-04-24 00:14:53.615  INFO 14316 --- [    Test worker] org.apache.catalina.core.StandardEngine  : Starting Servlet engine: [Apache Tomcat/9.0.36]
2022-04-24 00:14:53.988  INFO 14316 --- [    Test worker] o.a.c.c.C.[Tomcat].[localhost].[/]       : Initializing Spring embedded WebApplicationContext
2022-04-24 00:14:53.989  INFO 14316 --- [    Test worker] w.s.c.ServletWebServerApplicationContext : Root WebApplicationContext: initialization completed in 6017 ms
2022-04-24 00:14:57.715  INFO 14316 --- [    Test worker] o.s.s.concurrent.ThreadPoolTaskExecutor  : Initializing ExecutorService 'applicationTaskExecutor'
2022-04-24 00:14:58.074  INFO 14316 --- [         task-1] o.hibernate.jpa.internal.util.LogHelper  : HHH000204: Processing PersistenceUnitInfo [name: default]
2022-04-24 00:14:58.137  WARN 14316 --- [    Test worker] JpaBaseConfiguration$JpaWebConfiguration : spring.jpa.open-in-view is enabled by default. Therefore, database queries may be performed during view rendering. Explicitly configure spring.jpa.open-in-view to disable this warning
2022-04-24 00:14:58.365  INFO 14316 --- [         task-1] org.hibernate.Version                    : HHH000412: Hibernate ORM core version 5.4.17.Final
2022-04-24 00:14:59.198  INFO 14316 --- [         task-1] o.hibernate.annotations.common.Version   : HCANN000001: Hibernate Commons Annotations {5.1.0.Final}
2022-04-24 00:15:00.135  INFO 14316 --- [         task-1] com.zaxxer.hikari.HikariDataSource       : HikariPool-1 - Starting...
2022-04-24 00:15:00.908  INFO 14316 --- [         task-1] com.zaxxer.hikari.HikariDataSource       : HikariPool-1 - Start completed.
2022-04-24 00:15:00.961  INFO 14316 --- [         task-1] org.hibernate.dialect.Dialect            : HHH000400: Using dialect: org.hibernate.dialect.MySQL8Dialect
2022-04-24 00:15:04.012  INFO 14316 --- [         task-1] o.h.e.t.j.p.i.JtaPlatformInitiator       : HHH000490: Using JtaPlatform implementation: [org.hibernate.engine.transaction.jta.platform.internal.NoJtaPlatform]
2022-04-24 00:15:04.031  INFO 14316 --- [         task-1] j.LocalContainerEntityManagerFactoryBean : Initialized JPA EntityManagerFactory for persistence unit 'default'
2022-04-24 00:15:05.402  WARN 14316 --- [    Test worker] o.h.engine.jdbc.spi.SqlExceptionHelper   : SQL Error: 1062, SQLState: 23000
2022-04-24 00:15:05.403 ERROR 14316 --- [    Test worker] o.h.engine.jdbc.spi.SqlExceptionHelper   : Duplicate entry 'ROLE_ADMINISTRATOR' for key 'principle_groups.UK_9rf7t2q5qxdfc1djetiyhg9m1'
2022-04-24 00:15:07.611  INFO 14316 --- [    Test worker] o.s.b.a.e.web.EndpointLinksResolver      : Exposing 14 endpoint(s) beneath base path '/actuator'
2022-04-24 00:15:08.033  INFO 14316 --- [    Test worker] o.s.s.web.DefaultSecurityFilterChain     : Creating filter chain: any request, [org.springframework.security.web.context.request.async.WebAsyncManagerIntegrationFilter@287951f3, org.springframework.security.web.context.SecurityContextPersistenceFilter@2256cb02, org.springframework.security.web.header.HeaderWriterFilter@2e4a0c50, org.springframework.security.web.authentication.logout.LogoutFilter@5b73c9d6, org.springframework.security.web.authentication.www.BasicAuthenticationFilter@d7afd25, org.springframework.security.web.savedrequest.RequestCacheAwareFilter@28943808, org.springframework.security.web.servletapi.SecurityContextHolderAwareRequestFilter@5b9dc4f4, org.springframework.security.web.authentication.AnonymousAuthenticationFilter@20c90827, org.springframework.security.web.session.SessionManagementFilter@269518fe, org.springframework.security.web.access.ExceptionTranslationFilter@2221ec7d, org.springframework.security.web.access.intercept.FilterSecurityInterceptor@1c5448d5]
2022-04-24 00:15:09.991  INFO 14316 --- [    Test worker] o.s.b.w.embedded.tomcat.TomcatWebServer  : Tomcat started on port(s): 28852 (https) with context path ''
2022-04-24 00:15:09.995  INFO 14316 --- [    Test worker] DeferredRepositoryInitializationListener : Triggering deferred initialization of Spring Data repositories…
2022-04-24 00:15:10.248  INFO 14316 --- [    Test worker] DeferredRepositoryInitializationListener : Spring Data repositories initialized!
2022-04-24 00:15:10.274  INFO 14316 --- [    Test worker] account.AccountServiceApplication        : Started AccountServiceApplication in 24.174 seconds (JVM running for 26.163)
CN=accountant_service, OU=Unknown, O=Unknown, L=Unknown, ST=Unknown, C=Unknown SHA256withRSA
]]></system-out>
  <system-err><![CDATA[]]></system-err>
</testsuite>
